#
# A fatal error has been detected by the Java Runtime Environment:
#
#  EXCEPTION_ACCESS_VIOLATION (0xc0000005) at pc=0x0000000000000000, pid=5176, tid=4928
#
# JRE version: Java(TM) SE Runtime Environment (8.0_60-b27) (build 1.8.0_60-b27)
# Java VM: Java HotSpot(TM) 64-Bit Server VM (25.60-b23 mixed mode windows-amd64 compressed oops)
# Problematic frame:
# C  0x0000000000000000
#
# Failed to write core dump. Minidumps are not enabled by default on client versions of Windows
#
# If you would like to submit a bug report, please visit:
#   http://bugreport.java.com/bugreport/crash.jsp
#

---------------  T H R E A D  ---------------

Current thread (0x00000000022ce000):  JavaThread "main" [_thread_in_Java, id=4928, stack(0x0000000002480000,0x0000000002580000)]

siginfo: ExceptionCode=0xc0000005, ExceptionInformation=0x0000000000000008 0x0000000000000000

Registers:
RAX=0x00000000173336d0, RBX=0x0000000017333868, RCX=0x00000000d97533c0, RDX=0x000000005771f3a8
RSP=0x000000000257edd8, RBP=0x000000000257ee28, RSI=0x000000005b9f8ed8, RDI=0x000000005afe5a60
R8 =0x6a4c123800fe0100, R9 =0x6a4c123900f80101, R10=0x000000006aa22140, R11=0x000000000257eda0
R12=0x0000000000000000, R13=0x000000000257ede0, R14=0x000000005771f3a8, R15=0x00000000022ce000
RIP=0x0000000000000000, EFLAGS=0x0000000000010297

Top of Stack: (sp=0x000000000257edd8)
0x000000000257edd8:   0000000002857a50 00000000d97533c0
0x000000000257ede8:   000000000257ede8 0000000057336be2
0x000000000257edf8:   000000000257ee38 00000000573d71f8
0x000000000257ee08:   000000005771f3a8 0000000057336be8
0x000000000257ee18:   000000000257ede0 000000000257ee38
0x000000000257ee28:   000000000257ee88 0000000002857a50
0x000000000257ee38:   0000000000000000 00000000d9cc2a70
0x000000000257ee48:   000000000257ee48 00000000573a33ba
0x000000000257ee58:   000000000257eea0 000000005745fcc8
0x000000000257ee68:   000000005771f1c0 00000000573a33c8
0x000000000257ee78:   000000000257ee38 000000000257ee98
0x000000000257ee88:   000000000257eee8 0000000002857a50
0x000000000257ee98:   0000000000000000 0000000000000000
0x000000000257eea8:   000000000257eea8 00000000578d69bf
0x000000000257eeb8:   000000000257ef08 00000000578d6b98
0x000000000257eec8:   00000000579684a0 00000000578d6a18 

Instructions: (pc=0x0000000000000000)
0xffffffffffffffe0:   


Register to memory mapping:

RAX=0x00000000173336d0 is pointing into metadata
RBX=0x0000000017333868 is pointing into metadata
RCX=0x00000000d97533c0 is an oop

[error occurred during error reporting (printing register info), id 0xc0000005]

Stack: [0x0000000002480000,0x0000000002580000],  sp=0x000000000257edd8,  free space=1019k
Native frames: (J=compiled Java code, j=interpreted, Vv=VM code, C=native code)


---------------  P R O C E S S  ---------------

Java Threads: ( => current thread )
  0x0000000058edf800 JavaThread "Abandoned connection cleanup thread" daemon [_thread_blocked, id=3956, stack(0x000000005ad20000,0x000000005ae20000)]
  0x0000000058e7e000 JavaThread "Service Thread" daemon [_thread_blocked, id=4432, stack(0x000000005aa00000,0x000000005ab00000)]
  0x0000000058df7800 JavaThread "C1 CompilerThread3" daemon [_thread_blocked, id=6088, stack(0x000000005a870000,0x000000005a970000)]
  0x0000000058df7000 JavaThread "C2 CompilerThread2" daemon [_thread_blocked, id=4280, stack(0x000000005a5d0000,0x000000005a6d0000)]
  0x0000000058dea000 JavaThread "C2 CompilerThread1" daemon [_thread_blocked, id=5784, stack(0x000000005a6d0000,0x000000005a7d0000)]
  0x0000000058dd2800 JavaThread "C2 CompilerThread0" daemon [_thread_blocked, id=1536, stack(0x000000005a410000,0x000000005a510000)]
  0x0000000058dcf000 JavaThread "Attach Listener" daemon [_thread_blocked, id=4580, stack(0x000000005a2b0000,0x000000005a3b0000)]
  0x0000000058dcd800 JavaThread "Signal Dispatcher" daemon [_thread_blocked, id=5728, stack(0x000000005a1b0000,0x000000005a2b0000)]
  0x0000000057d15000 JavaThread "Finalizer" daemon [_thread_blocked, id=5284, stack(0x000000005a0b0000,0x000000005a1b0000)]
  0x0000000057d14800 JavaThread "Reference Handler" daemon [_thread_blocked, id=2780, stack(0x0000000059d10000,0x0000000059e10000)]
=>0x00000000022ce000 JavaThread "main" [_thread_in_Java, id=4928, stack(0x0000000002480000,0x0000000002580000)]

Other Threads:
  0x0000000058d81800 VMThread [stack: 0x0000000059ea0000,0x0000000059fa0000] [id=5384]
  0x0000000058e84800 WatcherThread [stack: 0x000000005ac00000,0x000000005ad00000] [id=4164]

VM state:not at safepoint (normal execution)

VM Mutex/Monitor currently owned by a thread: None

Heap:
 PSYoungGen      total 313344K, used 130707K [0x00000000d5d00000, 0x00000000f1700000, 0x0000000100000000)
  eden space 196608K, 33% used [0x00000000d5d00000,0x00000000d9e45058,0x00000000e1d00000)
  from space 116736K, 54% used [0x00000000ea500000,0x00000000ee35fef0,0x00000000f1700000)
  to   space 128000K, 0% used [0x00000000e1d00000,0x00000000e1d00000,0x00000000e9a00000)
 ParOldGen       total 137216K, used 106672K [0x0000000081600000, 0x0000000089c00000, 0x00000000d5d00000)
  object space 137216K, 77% used [0x0000000081600000,0x0000000087e2c0d0,0x0000000089c00000)
 Metaspace       used 7737K, capacity 7870K, committed 7936K, reserved 1056768K
  class space    used 719K, capacity 759K, committed 768K, reserved 1048576K

Card table byte_map: [0x0000000011c10000,0x0000000012010000] byte_map_base: 0x0000000011805000

Marking Bits: (ParMarkBitMap*) 0x000000006aa3a5b0
 Begin Bits: [0x0000000012fe0000, 0x0000000014f88000)
 End Bits:   [0x0000000014f88000, 0x0000000016f30000)

Polling page: 0x0000000000220000

CodeCache: size=245760Kb used=8369Kb max_used=9034Kb free=237390Kb
 bounds [0x0000000002850000, 0x0000000003130000, 0x0000000011850000]
 total_blobs=1964 nmethods=1614 adapters=263
 compilation: enabled

Compilation events (10 events):
Event: 580.581 Thread 0x0000000058df7800 2079       3       java.util.regex.Pattern::next (33 bytes)
Event: 580.582 Thread 0x0000000058df7800 nmethod 2079 0x0000000002c206d0 code [0x0000000002c20840, 0x0000000002c20b08]
Event: 580.582 Thread 0x0000000058df7800 2080       3       java.util.regex.Pattern::newSingle (98 bytes)
Event: 580.582 Thread 0x0000000058df7800 nmethod 2080 0x0000000002e6f350 code [0x0000000002e6f5e0, 0x0000000002e70458]
Event: 580.582 Thread 0x0000000058df7800 2081       3       java.util.regex.Pattern$Single::<init> (11 bytes)
Event: 580.583 Thread 0x0000000058df7800 nmethod 2081 0x0000000002bdb110 code [0x0000000002bdb2a0, 0x0000000002bdb650]
Event: 603.897 Thread 0x0000000058df7800 2082       3       java.lang.CharacterData00::toUpperCase (1307 bytes)
Event: 603.898 Thread 0x0000000058df7800 nmethod 2082 0x0000000002a92ad0 code [0x0000000002a92d00, 0x0000000002a93d10]
Event: 605.435 Thread 0x0000000058df7000 2083       4       java.util.regex.Matcher::reset (83 bytes)
Event: 605.436 Thread 0x0000000058df7000 nmethod 2083 0x0000000002da6e90 code [0x0000000002da6fe0, 0x0000000002da70f8]

GC Heap History (10 events):
Event: 584.549 GC heap before
{Heap before GC invocations=37 (full 1):
 PSYoungGen      total 304640K, used 304383K [0x00000000d5d00000, 0x00000000f5700000, 0x0000000100000000)
  eden space 240640K, 100% used [0x00000000d5d00000,0x00000000e4800000,0x00000000e4800000)
  from space 64000K, 99% used [0x00000000e5200000,0x00000000e903feb0,0x00000000e9080000)
  to   space 138752K, 0% used [0x00000000ecf80000,0x00000000ecf80000,0x00000000f5700000)
 ParOldGen       total 137216K, used 106608K [0x0000000081600000, 0x0000000089c00000, 0x00000000d5d00000)
  object space 137216K, 77% used [0x0000000081600000,0x0000000087e1c0d0,0x0000000089c00000)
 Metaspace       used 7734K, capacity 7870K, committed 7936K, reserved 1056768K
  class space    used 719K, capacity 759K, committed 768K, reserved 1048576K
Event: 584.630 GC heap after
Heap after GC invocations=37 (full 1):
 PSYoungGen      total 353792K, used 69201K [0x00000000d5d00000, 0x00000000f4780000, 0x0000000100000000)
  eden space 230912K, 0% used [0x00000000d5d00000,0x00000000d5d00000,0x00000000e3e80000)
  from space 122880K, 56% used [0x00000000ecf80000,0x00000000f1314400,0x00000000f4780000)
  to   space 135680K, 0% used [0x00000000e3e80000,0x00000000e3e80000,0x00000000ec300000)
 ParOldGen       total 137216K, used 106624K [0x0000000081600000, 0x0000000089c00000, 0x00000000d5d00000)
  object space 137216K, 77% used [0x0000000081600000,0x0000000087e200d0,0x0000000089c00000)
 Metaspace       used 7734K, capacity 7870K, committed 7936K, reserved 1056768K
  class space    used 719K, capacity 759K, committed 768K, reserved 1048576K
}
Event: 597.673 GC heap before
{Heap before GC invocations=38 (full 1):
 PSYoungGen      total 353792K, used 300113K [0x00000000d5d00000, 0x00000000f4780000, 0x0000000100000000)
  eden space 230912K, 100% used [0x00000000d5d00000,0x00000000e3e80000,0x00000000e3e80000)
  from space 122880K, 56% used [0x00000000ecf80000,0x00000000f1314400,0x00000000f4780000)
  to   space 135680K, 0% used [0x00000000e3e80000,0x00000000e3e80000,0x00000000ec300000)
 ParOldGen       total 137216K, used 106624K [0x0000000081600000, 0x0000000089c00000, 0x00000000d5d00000)
  object space 137216K, 77% used [0x0000000081600000,0x0000000087e200d0,0x0000000089c00000)
 Metaspace       used 7734K, capacity 7870K, committed 7936K, reserved 1056768K
  class space    used 719K, capacity 759K, committed 768K, reserved 1048576K
Event: 597.748 GC heap after
Heap after GC invocations=38 (full 1):
 PSYoungGen      total 285184K, used 63487K [0x00000000d5d00000, 0x00000000f3b80000, 0x0000000100000000)
  eden space 221696K, 0% used [0x00000000d5d00000,0x00000000d5d00000,0x00000000e3580000)
  from space 63488K, 99% used [0x00000000e3e80000,0x00000000e7c7fdd0,0x00000000e7c80000)
  to   space 134144K, 0% used [0x00000000eb880000,0x00000000eb880000,0x00000000f3b80000)
 ParOldGen       total 137216K, used 106632K [0x0000000081600000, 0x0000000089c00000, 0x00000000d5d00000)
  object space 137216K, 77% used [0x0000000081600000,0x0000000087e220d0,0x0000000089c00000)
 Metaspace       used 7734K, capacity 7870K, committed 7936K, reserved 1056768K
  class space    used 719K, capacity 759K, committed 768K, reserved 1048576K
}
Event: 610.818 GC heap before
{Heap before GC invocations=39 (full 1):
 PSYoungGen      total 285184K, used 285183K [0x00000000d5d00000, 0x00000000f3b80000, 0x0000000100000000)
  eden space 221696K, 100% used [0x00000000d5d00000,0x00000000e3580000,0x00000000e3580000)
  from space 63488K, 99% used [0x00000000e3e80000,0x00000000e7c7fdd0,0x00000000e7c80000)
  to   space 134144K, 0% used [0x00000000eb880000,0x00000000eb880000,0x00000000f3b80000)
 ParOldGen       total 137216K, used 106632K [0x0000000081600000, 0x0000000089c00000, 0x00000000d5d00000)
  object space 137216K, 77% used [0x0000000081600000,0x0000000087e220d0,0x0000000089c00000)
 Metaspace       used 7737K, capacity 7870K, committed 7936K, reserved 1056768K
  class space    used 719K, capacity 759K, committed 768K, reserved 1048576K
Event: 610.892 GC heap after
Heap after GC invocations=39 (full 1):
 PSYoungGen      total 333312K, used 63055K [0x00000000d5d00000, 0x00000000f2e00000, 0x0000000100000000)
  eden space 212992K, 0% used [0x00000000d5d00000,0x00000000d5d00000,0x00000000e2d00000)
  from space 120320K, 52% used [0x00000000eb880000,0x00000000ef613d60,0x00000000f2e00000)
  to   space 131584K, 0% used [0x00000000e2d00000,0x00000000e2d00000,0x00000000ead80000)
 ParOldGen       total 137216K, used 106640K [0x0000000081600000, 0x0000000089c00000, 0x00000000d5d00000)
  object space 137216K, 77% used [0x0000000081600000,0x0000000087e240d0,0x0000000089c00000)
 Metaspace       used 7737K, capacity 7870K, committed 7936K, reserved 1056768K
  class space    used 719K, capacity 759K, committed 768K, reserved 1048576K
}
Event: 622.572 GC heap before
{Heap before GC invocations=40 (full 1):
 PSYoungGen      total 333312K, used 276047K [0x00000000d5d00000, 0x00000000f2e00000, 0x0000000100000000)
  eden space 212992K, 100% used [0x00000000d5d00000,0x00000000e2d00000,0x00000000e2d00000)
  from space 120320K, 52% used [0x00000000eb880000,0x00000000ef613d60,0x00000000f2e00000)
  to   space 131584K, 0% used [0x00000000e2d00000,0x00000000e2d00000,0x00000000ead80000)
 ParOldGen       total 137216K, used 106640K [0x0000000081600000, 0x0000000089c00000, 0x00000000d5d00000)
  object space 137216K, 77% used [0x0000000081600000,0x0000000087e240d0,0x0000000089c00000)
 Metaspace       used 7737K, capacity 7870K, committed 7936K, reserved 1056768K
  class space    used 719K, capacity 759K, committed 768K, reserved 1048576K
Event: 622.631 GC heap after
Heap after GC invocations=40 (full 1):
 PSYoungGen      total 257024K, used 51916K [0x00000000d5d00000, 0x00000000f2500000, 0x0000000100000000)
  eden space 204800K, 0% used [0x00000000d5d00000,0x00000000d5d00000,0x00000000e2500000)
  from space 52224K, 99% used [0x00000000e2d00000,0x00000000e5fb32a0,0x00000000e6000000)
  to   space 131072K, 0% used [0x00000000ea500000,0x00000000ea500000,0x00000000f2500000)
 ParOldGen       total 137216K, used 106648K [0x0000000081600000, 0x0000000089c00000, 0x00000000d5d00000)
  object space 137216K, 77% used [0x0000000081600000,0x0000000087e260d0,0x0000000089c00000)
 Metaspace       used 7737K, capacity 7870K, committed 7936K, reserved 1056768K
  class space    used 719K, capacity 759K, committed 768K, reserved 1048576K
}
Event: 635.382 GC heap before
{Heap before GC invocations=41 (full 1):
 PSYoungGen      total 257024K, used 256716K [0x00000000d5d00000, 0x00000000f2500000, 0x0000000100000000)
  eden space 204800K, 100% used [0x00000000d5d00000,0x00000000e2500000,0x00000000e2500000)
  from space 52224K, 99% used [0x00000000e2d00000,0x00000000e5fb32a0,0x00000000e6000000)
  to   space 131072K, 0% used [0x00000000ea500000,0x00000000ea500000,0x00000000f2500000)
 ParOldGen       total 137216K, used 106648K [0x0000000081600000, 0x0000000089c00000, 0x00000000d5d00000)
  object space 137216K, 77% used [0x0000000081600000,0x0000000087e260d0,0x0000000089c00000)
 Metaspace       used 7737K, capacity 7870K, committed 7936K, reserved 1056768K
  class space    used 719K, capacity 759K, committed 768K, reserved 1048576K
Event: 635.456 GC heap after
Heap after GC invocations=41 (full 1):
 PSYoungGen      total 313344K, used 63871K [0x00000000d5d00000, 0x00000000f1700000, 0x0000000100000000)
  eden space 196608K, 0% used [0x00000000d5d00000,0x00000000d5d00000,0x00000000e1d00000)
  from space 116736K, 54% used [0x00000000ea500000,0x00000000ee35fef0,0x00000000f1700000)
  to   space 128000K, 0% used [0x00000000e1d00000,0x00000000e1d00000,0x00000000e9a00000)
 ParOldGen       total 137216K, used 106672K [0x0000000081600000, 0x0000000089c00000, 0x00000000d5d00000)
  object space 137216K, 77% used [0x0000000081600000,0x0000000087e2c0d0,0x0000000089c00000)
 Metaspace       used 7737K, capacity 7870K, committed 7936K, reserved 1056768K
  class space    used 719K, capacity 759K, committed 768K, reserved 1048576K
}

Deoptimization events (10 events):
Event: 30.260 Thread 0x00000000022ce000 Uncommon trap: reason=speculate_class_check action=maybe_recompile pc=0x0000000002b302f0 method=java.util.HashMap.removeNode(ILjava/lang/Object;Ljava/lang/Object;ZZ)Ljava/util/HashMap$Node; @ 283
Event: 32.796 Thread 0x00000000022ce000 Uncommon trap: reason=class_check action=maybe_recompile pc=0x0000000002b55884 method=java.lang.Character.toUpperCase(I)I @ 5
Event: 50.347 Thread 0x00000000022ce000 Uncommon trap: reason=unstable_if action=reinterpret pc=0x0000000002fc4c8c method=java.lang.String.regionMatches(ZILjava/lang/String;II)Z @ 123
Event: 51.783 Thread 0x00000000022ce000 Uncommon trap: reason=unstable_if action=reinterpret pc=0x0000000002a73ac4 method=java.lang.CharacterDataLatin1.toUpperCase(I)I @ 21
Event: 67.377 Thread 0x00000000022ce000 Uncommon trap: reason=unstable_if action=reinterpret pc=0x0000000002a92f7c method=java.lang.String.toLowerCase(Ljava/util/Locale;)Ljava/lang/String; @ 37
Event: 68.084 Thread 0x00000000022ce000 Uncommon trap: reason=unstable_if action=reinterpret pc=0x0000000002d3e82c method=java.nio.charset.CharsetEncoder.encode(Ljava/nio/CharBuffer;)Ljava/nio/ByteBuffer; @ 62
Event: 90.276 Thread 0x00000000022ce000 Uncommon trap: reason=unstable_if action=reinterpret pc=0x0000000002b30358 method=java.util.HashMap.removeNode(ILjava/lang/Object;Ljava/lang/Object;ZZ)Ljava/util/HashMap$Node; @ 58
Event: 113.293 Thread 0x00000000022ce000 Uncommon trap: reason=null_check action=make_not_entrant pc=0x000000000308ee24 method=com.mysql.jdbc.MysqlIO.proceedHandshakeWithPluggableAuthentication(Ljava/lang/String;Ljava/lang/String;Ljava/lang/String;Lcom/mysql/jdbc/Buffer;)V @ 208
Event: 253.151 Thread 0x00000000022ce000 Uncommon trap: reason=unstable_if action=reinterpret pc=0x0000000002bdc508 method=optimization.testing.service.MergingService.computeMergingEditDistance(Loptimization/models/HybridNGram;)Loptimization/models/Suggestion; @ 147
Event: 638.285 Thread 0x00000000022ce000 Uncommon trap: reason=class_check action=maybe_recompile pc=0x0000000002a3e768 method=java.lang.String.valueOf(Ljava/lang/Object;)Ljava/lang/String; @ 10

Internal exceptions (8 events):
Event: 0.029 Thread 0x00000000022ce000 Exception <a 'java/lang/NoSuchMethodError': Method sun.misc.Unsafe.defineClass(Ljava/lang/String;[BII)Ljava/lang/Class; name or signature does not match> (0x00000000d5d0d748) thrown at [C:\re\workspace\8-2-build-windows-amd64-cygwin\jdk8u60\4407\hotspot\sruCv2üû?
Event: 0.029 Thread 0x00000000022ce000 Exception <a 'java/lang/NoSuchMethodError': Method sun.misc.Unsafe.prefetchRead(Ljava/lang/Object;J)V name or signature does not match> (0x00000000d5d0da30) thrown at [C:\re\workspace\8-2-build-windows-amd64-cygwin\jdk8u60\4407\hotspot\src\share\vm\prims\jxïWçV∑µ?
Event: 0.085 Thread 0x00000000022ce000 Exception <a 'java/security/PrivilegedActionException'> (0x00000000d5d95dc0) thrown at [C:\re\workspace\8-2-build-windows-amd64-cygwin\jdk8u60\4407\hotspot\src\share\vm\prims\jvm.cpp, line 1386]
Event: 0.085 Thread 0x00000000022ce000 Exception <a 'java/security/PrivilegedActionException'> (0x00000000d5d95fd0) thrown at [C:\re\workspace\8-2-build-windows-amd64-cygwin\jdk8u60\4407\hotspot\src\share\vm\prims\jvm.cpp, line 1386]
Event: 0.085 Thread 0x00000000022ce000 Exception <a 'java/security/PrivilegedActionException'> (0x00000000d5d99d60) thrown at [C:\re\workspace\8-2-build-windows-amd64-cygwin\jdk8u60\4407\hotspot\src\share\vm\prims\jvm.cpp, line 1386]
Event: 0.085 Thread 0x00000000022ce000 Exception <a 'java/security/PrivilegedActionException'> (0x00000000d5d99f70) thrown at [C:\re\workspace\8-2-build-windows-amd64-cygwin\jdk8u60\4407\hotspot\src\share\vm\prims\jvm.cpp, line 1386]
Event: 0.572 Thread 0x00000000022ce000 Implicit null exception at 0x0000000002a60342 to 0x0000000002a608b6
Event: 113.293 Thread 0x00000000022ce000 Implicit null exception at 0x0000000003088443 to 0x000000000308ee01

Events (10 events):
Event: 605.436 Thread 0x0000000058df7000 flushing nmethod 0x0000000002b83990
Event: 610.818 Executing VM operation: ParallelGCFailedAllocation
Event: 610.892 Executing VM operation: ParallelGCFailedAllocation done
Event: 622.572 Executing VM operation: ParallelGCFailedAllocation
Event: 622.631 Executing VM operation: ParallelGCFailedAllocation done
Event: 635.382 Executing VM operation: ParallelGCFailedAllocation
Event: 635.456 Executing VM operation: ParallelGCFailedAllocation done
Event: 638.285 Thread 0x00000000022ce000 Uncommon trap: trap_request=0xffffffde fr.pc=0x0000000002a3e768
Event: 638.285 Thread 0x00000000022ce000 DEOPT PACKING pc=0x0000000002a3e768 sp=0x000000000257ee60
Event: 638.285 Thread 0x00000000022ce000 DEOPT UNPACKING pc=0x000000000289582a sp=0x000000000257edb0 mode 2


Dynamic libraries:
0x000000013f1e0000 - 0x000000013f217000 	C:\Program Files\Java\jre1.8.0_60\bin\javaw.exe
0x0000000076e70000 - 0x0000000077019000 	C:\Windows\SYSTEM32\ntdll.dll
0x0000000076c50000 - 0x0000000076d6f000 	C:\Windows\system32\kernel32.dll
0x000007fefd000000 - 0x000007fefd06b000 	C:\Windows\system32\KERNELBASE.dll
0x000007fefe7e0000 - 0x000007fefe8bb000 	C:\Windows\system32\ADVAPI32.dll
0x000007fefe8c0000 - 0x000007fefe95f000 	C:\Windows\system32\msvcrt.dll
0x000007fefeea0000 - 0x000007fefeebf000 	C:\Windows\SYSTEM32\sechost.dll
0x000007fefeed0000 - 0x000007fefeffd000 	C:\Windows\system32\RPCRT4.dll
0x0000000076d70000 - 0x0000000076e6a000 	C:\Windows\system32\USER32.dll
0x000007fefd3b0000 - 0x000007fefd417000 	C:\Windows\system32\GDI32.dll
0x000007fefeec0000 - 0x000007fefeece000 	C:\Windows\system32\LPK.dll
0x000007feff000000 - 0x000007feff0c9000 	C:\Windows\system32\USP10.dll
0x000007fefb610000 - 0x000007fefb804000 	C:\Windows\WinSxS\amd64_microsoft.windows.common-controls_6595b64144ccf1df_6.0.7601.17514_none_fa396087175ac9ac\COMCTL32.dll
0x000007fefe530000 - 0x000007fefe5a1000 	C:\Windows\system32\SHLWAPI.dll
0x000007fefd080000 - 0x000007fefd0ae000 	C:\Windows\system32\IMM32.DLL
0x000007fefd0c0000 - 0x000007fefd1c9000 	C:\Windows\system32\MSCTF.dll
0x000000006b270000 - 0x000000006b342000 	C:\Program Files\Java\jre1.8.0_60\bin\msvcr100.dll
0x000000006a230000 - 0x000000006aab9000 	C:\Program Files\Java\jre1.8.0_60\bin\server\jvm.dll
0x000007fef7e90000 - 0x000007fef7e99000 	C:\Windows\system32\WSOCK32.dll
0x000007feff130000 - 0x000007feff17d000 	C:\Windows\system32\WS2_32.dll
0x000007fefd0b0000 - 0x000007fefd0b8000 	C:\Windows\system32\NSI.dll
0x000007fefa6e0000 - 0x000007fefa71b000 	C:\Windows\system32\WINMM.dll
0x000007fefbc30000 - 0x000007fefbc3c000 	C:\Windows\system32\VERSION.dll
0x0000000077030000 - 0x0000000077037000 	C:\Windows\system32\PSAPI.DLL
0x000000006da40000 - 0x000000006da4f000 	C:\Program Files\Java\jre1.8.0_60\bin\verify.dll
0x000000006d9c0000 - 0x000000006d9e9000 	C:\Program Files\Java\jre1.8.0_60\bin\java.dll
0x000000006da20000 - 0x000000006da36000 	C:\Program Files\Java\jre1.8.0_60\bin\zip.dll
0x000007fefd620000 - 0x000007fefe3a8000 	C:\Windows\system32\SHELL32.dll
0x000007fefea00000 - 0x000007fefec03000 	C:\Windows\system32\ole32.dll
0x000007fefcc50000 - 0x000007fefcc5f000 	C:\Windows\system32\profapi.dll
0x000000006d9a0000 - 0x000000006d9ba000 	C:\Program Files\Java\jre1.8.0_60\bin\net.dll
0x000007fefc4c0000 - 0x000007fefc515000 	C:\Windows\system32\mswsock.dll
0x000007fefc4b0000 - 0x000007fefc4b7000 	C:\Windows\System32\wship6.dll
0x000007fefbe80000 - 0x000007fefbe87000 	C:\Windows\System32\wshtcpip.dll
0x000007fefc340000 - 0x000007fefc39b000 	C:\Windows\system32\DNSAPI.dll
0x000007fefa750000 - 0x000007fefa777000 	C:\Windows\system32\IPHLPAPI.DLL
0x000007fefa740000 - 0x000007fefa74b000 	C:\Windows\system32\WINNSI.DLL
0x000007fef8410000 - 0x000007fef8418000 	C:\Windows\system32\rasadhlp.dll
0x000007fef91e0000 - 0x000007fef9233000 	C:\Windows\System32\fwpuclnt.dll
0x000007fef8110000 - 0x000007fef8235000 	C:\Windows\system32\dbghelp.dll

VM Arguments:
jvm_args: -Dfile.encoding=UTF-8 
java_command: optimization.testing.TestMain
java_class_path (initial): C:\Users\Guest\Documents\workspace\NGramChecker\bin;C:\Users\Guest\Documents\workspace\NGramChecker\libs\mysql-connector-java-5.1.37-bin.jar
Launcher Type: SUN_STANDARD

Environment Variables:
PATH=C:/Program Files/Java/jre1.8.0_60/bin/server;C:/Program Files/Java/jre1.8.0_60/bin;C:/Program Files/Java/jre1.8.0_60/lib/amd64;C:\ProgramData\Oracle\Java\javapath;C:\Windows\system32;C:\Windows;C:\Windows\System32\Wbem;C:\Windows\System32\WindowsPowerShell\v1.0\;C:\Program Files (x86)\Intel\OpenCL SDK\2.0\bin\x86;C:\Program Files (x86)\Intel\OpenCL SDK\2.0\bin\x64;C:\Program Files (x86)\MySQL\MySQL Fabric 1.5 & MySQL Utilities 1.5\;C:\Program Files (x86)\MySQL\MySQL Fabric 1.5 & MySQL Utilities 1.5\Doctrine extensions for PHP\ ;C:\Python27;C:\Python27\Scripts\;C:\Program Files (x86)\Google\Chrome\Application;C:\ProgramData\Oracle\Java\javapath;C:\Windows\system32;C:\Windows;C:\Windows\System32\Wbem;C:\Windows\System32\WindowsPowerShell\v1.0\;C:\Program Files (x86)\Intel\OpenCL SDK\2.0\bin\x86;C:\Program Files (x86)\Intel\OpenCL SDK\2.0\bin\x64;C:\Users\Guest\AppData\Local\Programs\MiKTeX 2.9\miktex\bin\;C:\Program Files (x86)\eclipse;
USERNAME=Guest
OS=Windows_NT
PROCESSOR_IDENTIFIER=Intel64 Family 6 Model 58 Stepping 9, GenuineIntel



---------------  S Y S T E M  ---------------

OS: Windows 7 , 64 bit Build 7601 (6.1.7601.18015)

CPU:total 8 (4 cores per cpu, 2 threads per core) family 6 model 58 stepping 9, cmov, cx8, fxsr, mmx, sse, sse2, sse3, ssse3, sse4.1, sse4.2, popcnt, avx, aes, clmul, erms, ht, tsc, tscinvbit, tscinv

Memory: 4k page, physical 8293052k(3236244k free), swap 16584244k(9670820k free)

vm_info: Java HotSpot(TM) 64-Bit Server VM (25.60-b23) for windows-amd64 JRE (1.8.0_60-b27), built on Aug  4 2015 11:06:27 by "java_re" with MS VC++ 10.0 (VS2010)

time: Tue Nov 08 17:18:11 2016
elapsed time: 638 seconds (0d 0h 10m 38s)

